-------------------------------------------------------------------------------
Test set: OrderTest
-------------------------------------------------------------------------------
Tests run: 6, Failures: 1, Errors: 0, Skipped: 0, Time elapsed: 5.834 s <<< FAILURE! - in OrderTest
createOrderWithIngredientAndWithoutAuthorizationTest(OrderTest)  Time elapsed: 0.659 s  <<< FAILURE!
java.lang.AssertionError: 
1 expectation failed.
JSON path success doesn't match.
Expected: <false>
  Actual: <true>

	at OrderTest.createOrderWithIngredientAndWithoutAuthorizationTest(OrderTest.java:44)

